2019-11-07 12:06:38,063 INFO [main] com.wjy.DubboConsumerApplication [StartupInfoLogger.java : 48] Starting DubboConsumerApplication on 2VWC9MAUCX73XUQ with PID 29128 (E:\data\my-document\dubbo\dubbo-file-transfer-consumer\target\classes started by Administrator in E:\data\my-document\dubbo\dubbo-file-transfer-consumer)
2019-11-07 12:06:38,089 INFO [main] com.wjy.DubboConsumerApplication [SpringApplication.java : 593] No active profile set, falling back to default profiles: default
2019-11-07 12:06:38,252 INFO [main] o.s.c.a.AnnotationConfigApplicationContext [AbstractApplicationContext.java : 583] Refreshing org.springframework.context.annotation.AnnotationConfigApplicationContext@55b0dcab: startup date [Thu Nov 07 12:06:38 CST 2019]; root of context hierarchy
2019-11-07 12:06:38,351 INFO [background-preinit] o.h.validator.internal.util.Version [Version.java : 30] HV000001: Hibernate Validator 5.3.5.Final
2019-11-07 12:06:39,291 INFO [main] o.s.b.f.xml.XmlBeanDefinitionReader [XmlBeanDefinitionReader.java : 317] Loading XML bean definitions from URL [jar:file:/E:/myWorkspaces/maven/mvnlib/org/apel/gaia-container-boot/1.0.1-SNAPSHOT/gaia-container-boot-1.0.1-20190919.012645-107.jar!/META-INF/spring/module-boot.xml]
2019-11-07 12:06:39,536 INFO [main] o.s.b.f.xml.XmlBeanDefinitionReader [XmlBeanDefinitionReader.java : 317] Loading XML bean definitions from URL [jar:file:/E:/myWorkspaces/maven/mvnlib/org/apel/gaia-container-boot/1.0.1-SNAPSHOT/gaia-container-boot-1.0.1-20190919.012645-107.jar!/META-INF/spring/module-mvc.xml]
2019-11-07 12:06:39,577 INFO [main] o.s.b.f.xml.XmlBeanDefinitionReader [XmlBeanDefinitionReader.java : 317] Loading XML bean definitions from URL [jar:file:/E:/myWorkspaces/maven/mvnlib/org/apel/gaia-util/1.0.1-SNAPSHOT/gaia-util-1.0.1-20191018.015326-97.jar!/META-INF/spring/module-gaia-utils.xml]
2019-11-07 12:06:39,634 INFO [main] o.s.b.f.xml.XmlBeanDefinitionReader [XmlBeanDefinitionReader.java : 317] Loading XML bean definitions from URL [jar:file:/E:/myWorkspaces/maven/mvnlib/org/apel/hades-dubbo-starter/1.0.2-SNAPSHOT/hades-dubbo-starter-1.0.2-20190813.005904-23.jar!/META-INF/spring/module-dubbo-starter.xml]
2019-11-07 12:06:39,694 INFO [main] c.a.d.common.logger.LoggerFactory [Log4jLogger.java : 58] using logger: com.alibaba.dubbo.common.logger.log4j.Log4jLoggerAdapter
2019-11-07 12:06:39,717 INFO [main] o.s.b.f.xml.XmlBeanDefinitionReader [XmlBeanDefinitionReader.java : 317] Loading XML bean definitions from URL [jar:file:/E:/myWorkspaces/maven/mvnlib/com/bjhy/cache-toolkit/1.0.1-SNAPSHOT/cache-toolkit-1.0.1-20190929.032437-33.jar!/META-INF/spring/module-cache-toolkit.xml]
2019-11-07 12:06:39,911 INFO [main] o.s.d.r.c.RepositoryConfigurationDelegate [RepositoryConfigurationDelegate.java : 165] Multiple Spring Data modules found, entering strict repository configuration mode!
2019-11-07 12:06:40,480 INFO [main] o.s.c.s.PostProcessorRegistrationDelegate$BeanPostProcessorChecker [PostProcessorRegistrationDelegate.java : 325] Bean 'org.springframework.retry.annotation.RetryConfiguration' of type [org.springframework.retry.annotation.RetryConfiguration$$EnhancerBySpringCGLIB$$ed3dca3] is not eligible for getting processed by all BeanPostProcessors (for example: not eligible for auto-proxying)
2019-11-07 12:06:40,761 INFO [main] o.s.c.s.PostProcessorRegistrationDelegate$BeanPostProcessorChecker [PostProcessorRegistrationDelegate.java : 325] Bean 'springRedisConnectionConfiguration' of type [com.bjhy.cache.toolkit.core.spring.SpringRedisConnectionConfiguration$$EnhancerBySpringCGLIB$$2cc3e643] is not eligible for getting processed by all BeanPostProcessors (for example: not eligible for auto-proxying)
2019-11-07 12:06:40,878 INFO [main] o.s.c.s.PostProcessorRegistrationDelegate$BeanPostProcessorChecker [PostProcessorRegistrationDelegate.java : 325] Bean 'spring.redis-org.springframework.boot.autoconfigure.data.redis.RedisProperties' of type [org.springframework.boot.autoconfigure.data.redis.RedisProperties] is not eligible for getting processed by all BeanPostProcessors (for example: not eligible for auto-proxying)
2019-11-07 12:06:40,976 INFO [main] o.s.c.s.PostProcessorRegistrationDelegate$BeanPostProcessorChecker [PostProcessorRegistrationDelegate.java : 325] Bean 'org.springframework.boot.autoconfigure.data.redis.RedisAutoConfiguration$RedisConnectionConfiguration' of type [org.springframework.boot.autoconfigure.data.redis.RedisAutoConfiguration$RedisConnectionConfiguration$$EnhancerBySpringCGLIB$$ad0a6b8d] is not eligible for getting processed by all BeanPostProcessors (for example: not eligible for auto-proxying)
2019-11-07 12:06:41,163 INFO [main] o.s.c.s.PostProcessorRegistrationDelegate$BeanPostProcessorChecker [PostProcessorRegistrationDelegate.java : 325] Bean 'redisConnectionFactory' of type [org.springframework.data.redis.connection.jedis.JedisConnectionFactory] is not eligible for getting processed by all BeanPostProcessors (for example: not eligible for auto-proxying)
2019-11-07 12:06:41,212 INFO [main] o.s.c.s.PostProcessorRegistrationDelegate$BeanPostProcessorChecker [PostProcessorRegistrationDelegate.java : 325] Bean 'springRedisConnectionFactory' of type [com.bjhy.cache.toolkit.core.spring.SpringRedisConnectionFactory] is not eligible for getting processed by all BeanPostProcessors (for example: not eligible for auto-proxying)
2019-11-07 12:06:41,605 INFO [main] c.a.d.common.logger.LoggerFactory [? : ?] using logger: com.alibaba.dubbo.common.logger.slf4j.Slf4jLoggerAdapter
2019-11-07 12:06:42,251 INFO [main] o.s.u.f.SpringTemplateLoader [SpringTemplateLoader.java : 61] SpringTemplateLoader for FreeMarker: using resource loader [org.springframework.context.annotation.AnnotationConfigApplicationContext@55b0dcab: startup date [Thu Nov 07 12:06:38 CST 2019]; root of context hierarchy] and template loader path [jar:file:/E:/myWorkspaces/maven/mvnlib/org/apel/gaia-container-boot/1.0.1-SNAPSHOT/gaia-container-boot-1.0.1-20190919.012645-107.jar!/platform/templates/]
2019-11-07 12:06:42,252 INFO [main] o.s.u.f.SpringTemplateLoader [SpringTemplateLoader.java : 61] SpringTemplateLoader for FreeMarker: using resource loader [org.springframework.context.annotation.AnnotationConfigApplicationContext@55b0dcab: startup date [Thu Nov 07 12:06:38 CST 2019]; root of context hierarchy] and template loader path [classpath:/templates/]
2019-11-07 12:06:43,173 INFO [main] o.s.j.e.a.AnnotationMBeanExporter [MBeanExporter.java : 431] Registering beans for JMX exposure on startup
2019-11-07 12:06:43,194 INFO [main] com.wjy.DubboConsumerApplication [StartupInfoLogger.java : 57] Started DubboConsumerApplication in 5.955 seconds (JVM running for 7.988)
2019-11-07 12:06:43,196 INFO [Thread-4] o.s.c.a.AnnotationConfigApplicationContext [AbstractApplicationContext.java : 984] Closing org.springframework.context.annotation.AnnotationConfigApplicationContext@55b0dcab: startup date [Thu Nov 07 12:06:38 CST 2019]; root of context hierarchy
2019-11-07 12:06:43,198 INFO [Thread-4] o.s.j.e.a.AnnotationMBeanExporter [MBeanExporter.java : 449] Unregistering JMX-exposed beans on shutdown
2019-11-07 12:06:43,204 INFO [DubboShutdownHook] c.a.dubbo.config.AbstractConfig [AbstractConfig.java : 80]  [DUBBO] Run shutdown hook now., dubbo version: 2.5.6, current host: 127.0.0.1
2019-11-07 12:06:43,206 INFO [DubboShutdownHook] c.a.d.r.s.AbstractRegistryFactory [AbstractRegistryFactory.java : 64]  [DUBBO] Close all registries [], dubbo version: 2.5.6, current host: 127.0.0.1
2019-11-07 12:09:22,644 INFO [main] com.wjy.DubboConsumerApplication [StartupInfoLogger.java : 48] Starting DubboConsumerApplication on 2VWC9MAUCX73XUQ with PID 16984 (E:\data\my-document\dubbo\dubbo-file-transfer-consumer\target\classes started by Administrator in E:\data\my-document\dubbo\dubbo-file-transfer-consumer)
2019-11-07 12:09:22,654 INFO [main] com.wjy.DubboConsumerApplication [SpringApplication.java : 593] No active profile set, falling back to default profiles: default
2019-11-07 12:09:22,757 INFO [main] o.s.b.c.e.AnnotationConfigEmbeddedWebApplicationContext [AbstractApplicationContext.java : 583] Refreshing org.springframework.boot.context.embedded.AnnotationConfigEmbeddedWebApplicationContext@484970b0: startup date [Thu Nov 07 12:09:22 CST 2019]; root of context hierarchy
2019-11-07 12:09:22,866 INFO [background-preinit] o.h.validator.internal.util.Version [Version.java : 30] HV000001: Hibernate Validator 5.3.5.Final
2019-11-07 12:09:23,964 INFO [main] o.s.b.f.xml.XmlBeanDefinitionReader [XmlBeanDefinitionReader.java : 317] Loading XML bean definitions from URL [jar:file:/E:/myWorkspaces/maven/mvnlib/org/apel/gaia-container-boot/1.0.1-SNAPSHOT/gaia-container-boot-1.0.1-20190919.012645-107.jar!/META-INF/spring/module-boot.xml]
2019-11-07 12:09:24,147 INFO [main] o.s.b.f.xml.XmlBeanDefinitionReader [XmlBeanDefinitionReader.java : 317] Loading XML bean definitions from URL [jar:file:/E:/myWorkspaces/maven/mvnlib/org/apel/gaia-container-boot/1.0.1-SNAPSHOT/gaia-container-boot-1.0.1-20190919.012645-107.jar!/META-INF/spring/module-mvc.xml]
2019-11-07 12:09:24,200 INFO [main] o.s.b.f.xml.XmlBeanDefinitionReader [XmlBeanDefinitionReader.java : 317] Loading XML bean definitions from URL [jar:file:/E:/myWorkspaces/maven/mvnlib/org/apel/gaia-util/1.0.1-SNAPSHOT/gaia-util-1.0.1-20191018.015326-97.jar!/META-INF/spring/module-gaia-utils.xml]
2019-11-07 12:09:24,253 INFO [main] o.s.b.f.xml.XmlBeanDefinitionReader [XmlBeanDefinitionReader.java : 317] Loading XML bean definitions from URL [jar:file:/E:/myWorkspaces/maven/mvnlib/org/apel/hades-dubbo-starter/1.0.2-SNAPSHOT/hades-dubbo-starter-1.0.2-20190813.005904-23.jar!/META-INF/spring/module-dubbo-starter.xml]
2019-11-07 12:09:24,308 INFO [main] c.a.d.common.logger.LoggerFactory [Log4jLogger.java : 58] using logger: com.alibaba.dubbo.common.logger.log4j.Log4jLoggerAdapter
2019-11-07 12:09:24,327 INFO [main] o.s.b.f.xml.XmlBeanDefinitionReader [XmlBeanDefinitionReader.java : 317] Loading XML bean definitions from URL [jar:file:/E:/myWorkspaces/maven/mvnlib/com/bjhy/cache-toolkit/1.0.1-SNAPSHOT/cache-toolkit-1.0.1-20190929.032437-33.jar!/META-INF/spring/module-cache-toolkit.xml]
2019-11-07 12:09:24,540 INFO [main] o.s.c.a.ConfigurationClassBeanDefinitionReader [ConfigurationClassBeanDefinitionReader.java : 305] Skipping bean definition for [BeanMethod:name=defaultViewResolver,declaringClass=org.springframework.boot.autoconfigure.web.WebMvcAutoConfiguration$WebMvcAutoConfigurationAdapter]: a definition for bean 'defaultViewResolver' already exists. This top-level bean definition is considered as an override.
2019-11-07 12:09:24,608 INFO [main] o.s.d.r.c.RepositoryConfigurationDelegate [RepositoryConfigurationDelegate.java : 165] Multiple Spring Data modules found, entering strict repository configuration mode!
2019-11-07 12:09:25,237 INFO [main] o.s.c.s.PostProcessorRegistrationDelegate$BeanPostProcessorChecker [PostProcessorRegistrationDelegate.java : 325] Bean 'org.springframework.retry.annotation.RetryConfiguration' of type [org.springframework.retry.annotation.RetryConfiguration$$EnhancerBySpringCGLIB$$2fc04bc2] is not eligible for getting processed by all BeanPostProcessors (for example: not eligible for auto-proxying)
2019-11-07 12:09:25,568 INFO [main] o.s.c.s.PostProcessorRegistrationDelegate$BeanPostProcessorChecker [PostProcessorRegistrationDelegate.java : 325] Bean 'springRedisConnectionConfiguration' of type [com.bjhy.cache.toolkit.core.spring.SpringRedisConnectionConfiguration$$EnhancerBySpringCGLIB$$4db05562] is not eligible for getting processed by all BeanPostProcessors (for example: not eligible for auto-proxying)
2019-11-07 12:09:25,705 INFO [main] o.s.c.s.PostProcessorRegistrationDelegate$BeanPostProcessorChecker [PostProcessorRegistrationDelegate.java : 325] Bean 'spring.redis-org.springframework.boot.autoconfigure.data.redis.RedisProperties' of type [org.springframework.boot.autoconfigure.data.redis.RedisProperties] is not eligible for getting processed by all BeanPostProcessors (for example: not eligible for auto-proxying)
2019-11-07 12:09:25,732 INFO [main] o.s.c.s.PostProcessorRegistrationDelegate$BeanPostProcessorChecker [PostProcessorRegistrationDelegate.java : 325] Bean 'org.springframework.boot.autoconfigure.data.redis.RedisAutoConfiguration$RedisConnectionConfiguration' of type [org.springframework.boot.autoconfigure.data.redis.RedisAutoConfiguration$RedisConnectionConfiguration$$EnhancerBySpringCGLIB$$cdf6daac] is not eligible for getting processed by all BeanPostProcessors (for example: not eligible for auto-proxying)
2019-11-07 12:09:25,873 INFO [main] o.s.c.s.PostProcessorRegistrationDelegate$BeanPostProcessorChecker [PostProcessorRegistrationDelegate.java : 325] Bean 'redisConnectionFactory' of type [org.springframework.data.redis.connection.jedis.JedisConnectionFactory] is not eligible for getting processed by all BeanPostProcessors (for example: not eligible for auto-proxying)
2019-11-07 12:09:25,907 INFO [main] o.s.c.s.PostProcessorRegistrationDelegate$BeanPostProcessorChecker [PostProcessorRegistrationDelegate.java : 325] Bean 'springRedisConnectionFactory' of type [com.bjhy.cache.toolkit.core.spring.SpringRedisConnectionFactory] is not eligible for getting processed by all BeanPostProcessors (for example: not eligible for auto-proxying)
2019-11-07 12:09:26,353 INFO [main] org.eclipse.jetty.util.log [Log.java : 192] Logging initialized @5956ms to org.eclipse.jetty.util.log.Slf4jLog
2019-11-07 12:09:27,020 INFO [main] o.s.b.c.e.j.JettyEmbeddedServletContainerFactory [JettyEmbeddedServletContainerFactory.java : 176] Server initialized with port: 8085
2019-11-07 12:09:27,022 INFO [main] org.eclipse.jetty.server.Server [Server.java : 372] jetty-9.4.6.v20170531
2019-11-07 12:09:27,258 INFO [main] org.eclipse.jetty.server.session [DefaultSessionIdManager.java : 364] DefaultSessionIdManager workerName=node0
2019-11-07 12:09:27,258 INFO [main] org.eclipse.jetty.server.session [DefaultSessionIdManager.java : 369] No SessionScavenger set, using defaults
2019-11-07 12:09:27,262 INFO [main] org.eclipse.jetty.server.session [HouseKeeper.java : 149] Scavenging every 600000ms
2019-11-07 12:09:27,269 INFO [main] o.e.j.s.h.ContextHandler.application [ContextHandler.java : 2221] Initializing Spring embedded WebApplicationContext
2019-11-07 12:09:27,269 INFO [main] o.s.web.context.ContextLoader [EmbeddedWebApplicationContext.java : 276] Root WebApplicationContext: initialization completed in 4512 ms
2019-11-07 12:09:27,557 INFO [main] o.s.b.w.s.ServletRegistrationBean [ServletRegistrationBean.java : 190] Mapping servlet: 'dispatcherServlet' to [/]
2019-11-07 12:09:27,560 INFO [main] o.s.b.w.s.FilterRegistrationBean [AbstractFilterRegistrationBean.java : 258] Mapping filter: 'characterEncodingFilter' to: [/*]
2019-11-07 12:09:27,561 INFO [main] o.s.b.w.s.FilterRegistrationBean [AbstractFilterRegistrationBean.java : 258] Mapping filter: 'hiddenHttpMethodFilter' to: [/*]
2019-11-07 12:09:27,561 INFO [main] o.s.b.w.s.FilterRegistrationBean [AbstractFilterRegistrationBean.java : 258] Mapping filter: 'httpPutFormContentFilter' to: [/*]
2019-11-07 12:09:27,561 INFO [main] o.s.b.w.s.FilterRegistrationBean [AbstractFilterRegistrationBean.java : 258] Mapping filter: 'requestContextFilter' to: [/*]
2019-11-07 12:09:27,565 INFO [main] o.e.j.server.handler.ContextHandler [ContextHandler.java : 788] Started o.s.b.c.e.j.JettyEmbeddedWebAppContext@64920dc2{/cas,[file:///C:/Users/Administrator/AppData/Local/Temp/jetty-docbase.1090603287454707573.8085/],AVAILABLE}
2019-11-07 12:09:27,566 INFO [main] org.eclipse.jetty.server.Server [Server.java : 444] Started @7169ms
2019-11-07 12:09:27,701 INFO [main] c.a.d.common.logger.LoggerFactory [? : ?] using logger: com.alibaba.dubbo.common.logger.slf4j.Slf4jLoggerAdapter
2019-11-07 12:09:28,680 INFO [main] o.s.w.s.m.m.a.RequestMappingHandlerAdapter [RequestMappingHandlerAdapter.java : 534] Looking for @ControllerAdvice: org.springframework.boot.context.embedded.AnnotationConfigEmbeddedWebApplicationContext@484970b0: startup date [Thu Nov 07 12:09:22 CST 2019]; root of context hierarchy
2019-11-07 12:09:28,807 INFO [main] o.s.w.s.m.m.a.RequestMappingHandlerMapping [AbstractHandlerMethodMapping.java : 543] Mapped "{[/net_detect]}" onto public java.lang.String org.apel.gaia.container.boot.controller.CommonController.netDedect()
2019-11-07 12:09:28,809 INFO [main] o.s.w.s.m.m.a.RequestMappingHandlerMapping [AbstractHandlerMethodMapping.java : 543] Mapped "{[/net_check]}" onto public java.lang.String org.apel.gaia.container.boot.controller.CommonController.netCheck(java.lang.String)
2019-11-07 12:09:28,810 INFO [main] o.s.w.s.m.m.a.RequestMappingHandlerMapping [AbstractHandlerMethodMapping.java : 543] Mapped "{[/file_progress]}" onto public java.lang.Integer org.apel.gaia.container.boot.controller.CommonController.netCheck(javax.servlet.http.HttpSession)
2019-11-07 12:09:28,811 INFO [main] o.s.w.s.m.m.a.RequestMappingHandlerMapping [AbstractHandlerMethodMapping.java : 543] Mapped "{[/devopsPhone]}" onto public java.lang.String org.apel.gaia.container.boot.controller.CommonController.systemDevopsPhone()
2019-11-07 12:09:28,812 INFO [main] o.s.w.s.m.m.a.RequestMappingHandlerMapping [AbstractHandlerMethodMapping.java : 543] Mapped "{[/error]}" onto public java.lang.String org.apel.gaia.container.boot.controller.SpringErrorController.error()
2019-11-07 12:09:28,815 INFO [main] o.s.w.s.m.m.a.RequestMappingHandlerMapping [AbstractHandlerMethodMapping.java : 543] Mapped "{[/400]}" onto public java.lang.String org.apel.gaia.container.boot.controller.ContainerErrorController._400() throws java.lang.Exception
2019-11-07 12:09:28,815 INFO [main] o.s.w.s.m.m.a.RequestMappingHandlerMapping [AbstractHandlerMethodMapping.java : 543] Mapped "{[/403]}" onto public java.lang.String org.apel.gaia.container.boot.controller.ContainerErrorController._403() throws java.lang.Exception
2019-11-07 12:09:28,816 INFO [main] o.s.w.s.m.m.a.RequestMappingHandlerMapping [AbstractHandlerMethodMapping.java : 543] Mapped "{[/404]}" onto public java.lang.String org.apel.gaia.container.boot.controller.ContainerErrorController._404() throws java.lang.Exception
2019-11-07 12:09:28,816 INFO [main] o.s.w.s.m.m.a.RequestMappingHandlerMapping [AbstractHandlerMethodMapping.java : 543] Mapped "{[/405]}" onto public java.lang.String org.apel.gaia.container.boot.controller.ContainerErrorController._405() throws java.lang.Exception
2019-11-07 12:09:28,817 INFO [main] o.s.w.s.m.m.a.RequestMappingHandlerMapping [AbstractHandlerMethodMapping.java : 543] Mapped "{[/500]}" onto public java.lang.String org.apel.gaia.container.boot.controller.ContainerErrorController._500() throws java.lang.Exception
2019-11-07 12:09:28,922 INFO [main] o.s.w.s.h.SimpleUrlHandlerMapping [AbstractUrlHandlerMapping.java : 362] Mapped URL path [/webjars/**] onto handler of type [class org.springframework.web.servlet.resource.ResourceHttpRequestHandler]
2019-11-07 12:09:28,923 INFO [main] o.s.w.s.h.SimpleUrlHandlerMapping [AbstractUrlHandlerMapping.java : 362] Mapped URL path [/**] onto handler of type [class org.springframework.web.servlet.resource.ResourceHttpRequestHandler]
2019-11-07 12:09:29,018 INFO [main] o.s.w.s.h.SimpleUrlHandlerMapping [AbstractUrlHandlerMapping.java : 362] Mapped URL path [/**/favicon.ico] onto handler of type [class org.springframework.web.servlet.resource.ResourceHttpRequestHandler]
2019-11-07 12:09:29,162 INFO [main] o.s.u.f.SpringTemplateLoader [SpringTemplateLoader.java : 61] SpringTemplateLoader for FreeMarker: using resource loader [org.springframework.boot.context.embedded.AnnotationConfigEmbeddedWebApplicationContext@484970b0: startup date [Thu Nov 07 12:09:22 CST 2019]; root of context hierarchy] and template loader path [jar:file:/E:/myWorkspaces/maven/mvnlib/org/apel/gaia-container-boot/1.0.1-SNAPSHOT/gaia-container-boot-1.0.1-20190919.012645-107.jar!/platform/templates/]
2019-11-07 12:09:29,162 INFO [main] o.s.u.f.SpringTemplateLoader [SpringTemplateLoader.java : 61] SpringTemplateLoader for FreeMarker: using resource loader [org.springframework.boot.context.embedded.AnnotationConfigEmbeddedWebApplicationContext@484970b0: startup date [Thu Nov 07 12:09:22 CST 2019]; root of context hierarchy] and template loader path [classpath:/templates/]
2019-11-07 12:09:29,164 INFO [main] o.s.w.s.v.f.FreeMarkerConfigurer [FreeMarkerConfigurer.java : 127] ClassTemplateLoader for Spring macros added to FreeMarker configuration
2019-11-07 12:09:30,143 INFO [main] o.s.j.e.a.AnnotationMBeanExporter [MBeanExporter.java : 431] Registering beans for JMX exposure on startup
2019-11-07 12:09:30,157 INFO [main] o.e.j.s.h.ContextHandler.application [ContextHandler.java : 2221] Initializing Spring FrameworkServlet 'dispatcherServlet'
2019-11-07 12:09:30,158 INFO [main] o.s.web.servlet.DispatcherServlet [FrameworkServlet.java : 489] FrameworkServlet 'dispatcherServlet': initialization started
2019-11-07 12:09:30,180 INFO [main] o.s.web.servlet.DispatcherServlet [FrameworkServlet.java : 508] FrameworkServlet 'dispatcherServlet': initialization completed in 22 ms
2019-11-07 12:09:30,215 INFO [main] o.e.jetty.server.AbstractConnector [AbstractConnector.java : 280] Started ServerConnector@59a79443{HTTP/1.1,[http/1.1]}{0.0.0.0:8085}
2019-11-07 12:09:30,216 INFO [main] o.s.b.c.e.j.JettyEmbeddedServletContainer [JettyEmbeddedServletContainer.java : 155] Jetty started on port(s) 8085 (http/1.1)
2019-11-07 12:09:30,222 INFO [main] com.wjy.DubboConsumerApplication [StartupInfoLogger.java : 57] Started DubboConsumerApplication in 8.568 seconds (JVM running for 9.825)
